Performing C SOURCE FILE Test CMAKE_HAVE_LIBC_PTHREAD failed with the following output:
Change Dir: /workspaces/cpp-devcontainer/build/CMakeFiles/CMakeTmp

Run Build Command(s):/usr/bin/gmake -f Makefile cmTC_ccd19/fast && /usr/bin/gmake  -f CMakeFiles/cmTC_ccd19.dir/build.make CMakeFiles/cmTC_ccd19.dir/build
gmake[1]: Entering directory '/workspaces/cpp-devcontainer/build/CMakeFiles/CMakeTmp'
Building C object CMakeFiles/cmTC_ccd19.dir/src.c.o
/usr/bin/clang -DCMAKE_HAVE_LIBC_PTHREAD   -MD -MT CMakeFiles/cmTC_ccd19.dir/src.c.o -MF CMakeFiles/cmTC_ccd19.dir/src.c.o.d -o CMakeFiles/cmTC_ccd19.dir/src.c.o -c /workspaces/cpp-devcontainer/build/CMakeFiles/CMakeTmp/src.c
Linking C executable cmTC_ccd19
/opt/cmake/bin/cmake -E cmake_link_script CMakeFiles/cmTC_ccd19.dir/link.txt --verbose=1
/usr/bin/clang CMakeFiles/cmTC_ccd19.dir/src.c.o -o cmTC_ccd19 
/usr/bin/ld: CMakeFiles/cmTC_ccd19.dir/src.c.o: in function `main':
src.c:(.text+0x25): undefined reference to `pthread_create'
/usr/bin/ld: src.c:(.text+0x31): undefined reference to `pthread_detach'
/usr/bin/ld: src.c:(.text+0x3d): undefined reference to `pthread_cancel'
/usr/bin/ld: src.c:(.text+0x4f): undefined reference to `pthread_join'
clang: error: linker command failed with exit code 1 (use -v to see invocation)
gmake[1]: *** [CMakeFiles/cmTC_ccd19.dir/build.make:100: cmTC_ccd19] Error 1
gmake[1]: Leaving directory '/workspaces/cpp-devcontainer/build/CMakeFiles/CMakeTmp'
gmake: *** [Makefile:127: cmTC_ccd19/fast] Error 2


Source file was:
#include <pthread.h>

static void* test_func(void* data)
{
  return data;
}

int main(void)
{
  pthread_t thread;
  pthread_create(&thread, NULL, test_func, NULL);
  pthread_detach(thread);
  pthread_cancel(thread);
  pthread_join(thread, NULL);
  pthread_atfork(NULL, NULL, NULL);
  pthread_exit(NULL);

  return 0;
}

Determining if the function pthread_create exists in the pthreads failed with the following output:
Change Dir: /workspaces/cpp-devcontainer/build/CMakeFiles/CMakeTmp

Run Build Command(s):/usr/bin/gmake -f Makefile cmTC_9f3cd/fast && /usr/bin/gmake  -f CMakeFiles/cmTC_9f3cd.dir/build.make CMakeFiles/cmTC_9f3cd.dir/build
gmake[1]: Entering directory '/workspaces/cpp-devcontainer/build/CMakeFiles/CMakeTmp'
Building C object CMakeFiles/cmTC_9f3cd.dir/CheckFunctionExists.c.o
/usr/bin/clang   -DCHECK_FUNCTION_EXISTS=pthread_create -MD -MT CMakeFiles/cmTC_9f3cd.dir/CheckFunctionExists.c.o -MF CMakeFiles/cmTC_9f3cd.dir/CheckFunctionExists.c.o.d -o CMakeFiles/cmTC_9f3cd.dir/CheckFunctionExists.c.o -c /opt/cmake/share/cmake-3.22/Modules/CheckFunctionExists.c
Linking C executable cmTC_9f3cd
/opt/cmake/bin/cmake -E cmake_link_script CMakeFiles/cmTC_9f3cd.dir/link.txt --verbose=1
/usr/bin/clang  -DCHECK_FUNCTION_EXISTS=pthread_create CMakeFiles/cmTC_9f3cd.dir/CheckFunctionExists.c.o -o cmTC_9f3cd  -lpthreads 
/usr/bin/ld: cannot find -lpthreads
clang: error: linker command failed with exit code 1 (use -v to see invocation)
gmake[1]: *** [CMakeFiles/cmTC_9f3cd.dir/build.make:100: cmTC_9f3cd] Error 1
gmake[1]: Leaving directory '/workspaces/cpp-devcontainer/build/CMakeFiles/CMakeTmp'
gmake: *** [Makefile:127: cmTC_9f3cd/fast] Error 2



